[2024-03-08 16:51:13] [info] Start Program:
Path:"ApFsn_SoftComp_unittest.exe"
Arguments:
Working directory: not set.
Modules: Selected: * Excluded: 
Sources: Selected: C:\i1968\work\uccScrumTraining\ApFsn_SWC_Rep\ApFsn_SoftComp\main.cpp Excluded: 
Log Level: Normal
Cover Children: 0
Aggregate by file: 1
Continue after C++ exception: 0
Optimized build support: 0
Export: html 
Input coverage: 
Unified diff: 
Excluded line regular expressions: 
Substitute pdb source paths: 
[2024-03-08 16:51:13] [info] Module: C:\i1968\work\uccScrumTraining\ApFsn_SWC_Rep\ApFsn_SoftComp\x64\Debug\ApFsn_SoftComp_unittest.exe is selected because it matches selected pattern: *
[2024-03-08 16:51:13] [info] Module: C:\Windows\System32\ntdll.dll is selected because it matches selected pattern: *
[2024-03-08 16:51:13] [info] Module: C:\Windows\System32\kernel32.dll is selected because it matches selected pattern: *
[2024-03-08 16:51:13] [info] Module: C:\Windows\System32\KernelBase.dll is selected because it matches selected pattern: *
[2024-03-08 16:51:13] [info] Module: C:\Windows\System32\vcruntime140d.dll is selected because it matches selected pattern: *
[2024-03-08 16:51:13] [info] Module: C:\Windows\System32\vcruntime140_1d.dll is selected because it matches selected pattern: *
[2024-03-08 16:51:13] [info] Module: C:\Windows\System32\msvcp140d.dll is selected because it matches selected pattern: *
[2024-03-08 16:51:13] [info] Module: C:\Windows\System32\ucrtbased.dll is selected because it matches selected pattern: *
[2024-03-08 16:51:13] [info] Module: C:\Windows\System32\kernel.appcore.dll is selected because it matches selected pattern: *
[2024-03-08 16:51:13] [info] Module: C:\Windows\System32\msvcrt.dll is selected because it matches selected pattern: *
[2024-03-08 16:51:13] [info] Module: C:\Windows\System32\rpcrt4.dll is selected because it matches selected pattern: *
[2024-03-08 16:51:13] [info] ----------------------------------------------------
[2024-03-08 16:51:13] [info] Coverage generated in Folder C:\i1968\work\uccScrumTraining\ApFsn_SWC_Rep\ApFsn_SoftComp\x64\Debug\CoverageReport-2024-03-08-16h51m13s
[2024-03-08 16:51:13] [info] ----------------------------------------------------
[2024-03-08 16:51:13] [info] The code coverage report is not what you expect? See the FAQ https://github.com/OpenCppCoverage/OpenCppCoverage/wiki/FAQ.
